  Building Custom Rule E:/programming/C++/MAI_laba_OOP_SFML/SFML-2.6.x/src/SFML/Audio/CMakeLists.txt
  ALCheck.cpp
  AlResource.cpp
  AudioDevice.cpp
  Listener.cpp
  Music.cpp
  Sound.cpp
  SoundBuffer.cpp
  SoundBufferRecorder.cpp
  InputSoundFile.cpp
  OutputSoundFile.cpp
  SoundRecorder.cpp
  SoundSource.cpp
  SoundStream.cpp
  SoundFileFactory.cpp
  SoundFileReaderFlac.cpp
  SoundFileReaderMp3.cpp
  SoundFileReaderOgg.cpp
  SoundFileReaderWav.cpp
  SoundFileWriterFlac.cpp
  SoundFileWriterOgg.cpp
  Создание кода...
  Компиляция...
  SoundFileWriterWav.cpp
  Создание кода...
     Создается библиотека E:/programming/C++/MAI_laba_OOP_SFML/SFML-cmake/lib/Release/sfml-audio.lib и объект E:/programming/C++/MAI_laba_OOP_SFML/SFML-cmake/lib/Release/sfml-audio.exp
  sfml-audio.vcxproj -> E:\programming\C++\MAI_laba_OOP_SFML\SFML-cmake\lib\Release\sfml-audio-2.dll
