  Building Custom Rule E:/programming/C++/MAI_laba_OOP_SFML/SFML-2.6.x/src/SFML/Window/CMakeLists.txt
  Clipboard.cpp
  Context.cpp
  Cursor.cpp
  EGLCheck.cpp
  EglContext.cpp
  GlContext.cpp
  GlResource.cpp
  Joystick.cpp
  JoystickManager.cpp
  Keyboard.cpp
  Mouse.cpp
  Touch.cpp
  Sensor.cpp
  SensorManager.cpp
  VideoMode.cpp
  Vulkan.cpp
  Window.cpp
  WindowBase.cpp
  WindowImpl.cpp
  CursorImpl.cpp
  Создание кода...
  Компиляция...
  ClipboardImpl.cpp
  WglContext.cpp
  InputImpl.cpp
  JoystickImpl.cpp
  SensorImpl.cpp
  VideoModeImpl.cpp
  VulkanImplWin32.cpp
  WindowImplWin32.cpp
  Создание кода...
     Создается библиотека E:/programming/C++/MAI_laba_OOP_SFML/SFML-cmake/lib/Debug/sfml-window-d.lib и объект E:/programming/C++/MAI_laba_OOP_SFML/SFML-cmake/lib/Debug/sfml-window-d.exp
  sfml-window.vcxproj -> E:\programming\C++\MAI_laba_OOP_SFML\SFML-cmake\lib\Debug\sfml-window-d-2.dll
